[fifarenderz.com/22/player/19192985.html]
[backblue.gif]
[fade.gif]
[index.html]
[fifarenderz.com/logo_full.jpg]
[assets-prod.frzdb.net/30.16d3b548b3928420cf37.js]
[assets-prod.frzdb.net/12.f0ece7e513a729251020.js]
[assets-prod.frzdb.net/31.a50c605e2cce6a67d4cb.css]
[assets-prod.frzdb.net/31.6ae716c5c1b0cfb259f3.js]
[assets-prod.frzdb.net/11.d7de78bd2d6789565127.css]
[assets-prod.frzdb.net/11.73392388210ef02aeb4b.js]
[assets-prod.frzdb.net/41.fb2a72cc70f09cbaf255.css]
[assets-prod.frzdb.net/41.ee718762dc66db58faf5.js]
[fifarenderz.com/frz_logo_transparent.png]
[assets-prod.frzdb.net/img/244f75d.png]
[fifarenderz.com/22/player/19192985.html]
[assets-prod.frzdb.net/31.a50c605e2cce6a67d4cb.css]
[assets-prod.frzdb.net/fonts/479700e.eot]
[assets-prod.frzdb.net/11.d7de78bd2d6789565127.css]
[assets-prod.frzdb.net/fonts/ba142c9.eot]
[assets-prod.frzdb.net/img/38be66a.jpg]
[assets-prod.frzdb.net/41.fb2a72cc70f09cbaf255.css]
